<?xml version="1.0" encoding="UTF-8"?>
<coverage generated="1781650906525" clover="3.2.0">
  <project timestamp="1781650906525" name="All files">
    <metrics statements="1995" coveredstatements="1995" conditionals="285" coveredconditionals="285" methods="57" coveredmethods="57" elements="2337" coveredelements="2337" complexity="0" loc="1995" ncloc="1995" packages="4" files="18" classes="18"/>
    <package name="src">
      <metrics statements="39" coveredstatements="39" conditionals="1" coveredconditionals="1" methods="1" coveredmethods="1"/>
      <file name="App.jsx" path="C:\Users\Cristopher\Downloads\fulsjsjsjs\Frontend_FullStack\Frontend\src\App.jsx">
        <metrics statements="29" coveredstatements="29" conditionals="1" coveredconditionals="1" methods="1" coveredmethods="1"/>
        <line num="1" count="1" type="stmt"/>
        <line num="2" count="1" type="stmt"/>
        <line num="3" count="1" type="stmt"/>
        <line num="4" count="1" type="stmt"/>
        <line num="5" count="1" type="stmt"/>
        <line num="6" count="1" type="stmt"/>
        <line num="7" count="1" type="stmt"/>
        <line num="8" count="1" type="stmt"/>
        <line num="9" count="1" type="stmt"/>
        <line num="10" count="1" type="stmt"/>
        <line num="11" count="9" type="cond" truecount="1" falsecount="0"/>
        <line num="12" count="9" type="stmt"/>
        <line num="13" count="9" type="stmt"/>
        <line num="14" count="9" type="stmt"/>
        <line num="15" count="9" type="stmt"/>
        <line num="16" count="9" type="stmt"/>
        <line num="17" count="9" type="stmt"/>
        <line num="18" count="9" type="stmt"/>
        <line num="19" count="9" type="stmt"/>
        <line num="20" count="9" type="stmt"/>
        <line num="21" count="9" type="stmt"/>
        <line num="22" count="9" type="stmt"/>
        <line num="23" count="9" type="stmt"/>
        <line num="24" count="9" type="stmt"/>
        <line num="25" count="9" type="stmt"/>
        <line num="26" count="9" type="stmt"/>
        <line num="27" count="9" type="stmt"/>
        <line num="28" count="1" type="stmt"/>
        <line num="29" count="1" type="stmt"/>
      </file>
      <file name="main.jsx" path="C:\Users\Cristopher\Downloads\fulsjsjsjs\Frontend_FullStack\Frontend\src\main.jsx">
        <metrics statements="10" coveredstatements="10" conditionals="0" coveredconditionals="0" methods="0" coveredmethods="0"/>
        <line num="1" count="1" type="stmt"/>
        <line num="2" count="1" type="stmt"/>
        <line num="3" count="1" type="stmt"/>
        <line num="4" count="1" type="stmt"/>
        <line num="5" count="1" type="stmt"/>
        <line num="6" count="1" type="stmt"/>
        <line num="7" count="1" type="stmt"/>
        <line num="8" count="1" type="stmt"/>
        <line num="9" count="1" type="stmt"/>
        <line num="10" count="1" type="stmt"/>
      </file>
    </package>
    <package name="src.Components.Organism">
      <metrics statements="115" coveredstatements="115" conditionals="21" coveredconditionals="21" methods="6" coveredmethods="6"/>
      <file name="Footer.jsx" path="C:\Users\Cristopher\Downloads\fulsjsjsjs\Frontend_FullStack\Frontend\src\Components\Organism\Footer.jsx">
        <metrics statements="13" coveredstatements="13" conditionals="1" coveredconditionals="1" methods="1" coveredmethods="1"/>
        <line num="1" count="1" type="stmt"/>
        <line num="2" count="1" type="stmt"/>
        <line num="3" count="1" type="stmt"/>
        <line num="4" count="376" type="cond" truecount="1" falsecount="0"/>
        <line num="5" count="376" type="stmt"/>
        <line num="6" count="376" type="stmt"/>
        <line num="7" count="376" type="stmt"/>
        <line num="8" count="376" type="stmt"/>
        <line num="9" count="376" type="stmt"/>
        <line num="10" count="376" type="stmt"/>
        <line num="11" count="376" type="stmt"/>
        <line num="12" count="1" type="stmt"/>
        <line num="13" count="1" type="stmt"/>
      </file>
      <file name="Navbar.jsx" path="C:\Users\Cristopher\Downloads\fulsjsjsjs\Frontend_FullStack\Frontend\src\Components\Organism\Navbar.jsx">
        <metrics statements="67" coveredstatements="67" conditionals="18" coveredconditionals="18" methods="3" coveredmethods="3"/>
        <line num="1" count="1" type="stmt"/>
        <line num="2" count="1" type="stmt"/>
        <line num="3" count="1" type="stmt"/>
        <line num="4" count="1" type="stmt"/>
        <line num="5" count="1" type="stmt"/>
        <line num="6" count="1" type="stmt"/>
        <line num="7" count="1" type="cond" truecount="1" falsecount="0"/>
        <line num="8" count="384" type="stmt"/>
        <line num="9" count="384" type="stmt"/>
        <line num="10" count="384" type="stmt"/>
        <line num="11" count="384" type="cond" truecount="2" falsecount="0"/>
        <line num="12" count="384" type="cond" truecount="2" falsecount="0"/>
        <line num="13" count="384" type="stmt"/>
        <line num="14" count="384" type="cond" truecount="4" falsecount="0"/>
        <line num="15" count="384" type="cond" truecount="1" falsecount="0"/>
        <line num="16" count="1" type="stmt"/>
        <line num="17" count="1" type="stmt"/>
        <line num="18" count="384" type="stmt"/>
        <line num="19" count="1" type="stmt"/>
        <line num="20" count="384" type="cond" truecount="1" falsecount="0"/>
        <line num="21" count="384" type="stmt"/>
        <line num="22" count="384" type="stmt"/>
        <line num="23" count="384" type="stmt"/>
        <line num="24" count="384" type="cond" truecount="1" falsecount="0"/>
        <line num="25" count="384" type="stmt"/>
        <line num="26" count="384" type="cond" truecount="1" falsecount="0"/>
        <line num="27" count="1" type="stmt"/>
        <line num="28" count="1" type="stmt"/>
        <line num="29" count="1" type="stmt"/>
        <line num="30" count="384" type="stmt"/>
        <line num="31" count="384" type="stmt"/>
        <line num="32" count="384" type="stmt"/>
        <line num="33" count="384" type="stmt"/>
        <line num="34" count="384" type="stmt"/>
        <line num="35" count="384" type="stmt"/>
        <line num="36" count="384" type="stmt"/>
        <line num="37" count="384" type="stmt"/>
        <line num="38" count="384" type="cond" truecount="1" falsecount="0"/>
        <line num="39" count="6" type="stmt"/>
        <line num="40" count="6" type="stmt"/>
        <line num="41" count="6" type="stmt"/>
        <line num="42" count="6" type="stmt"/>
        <line num="43" count="6" type="cond" truecount="2" falsecount="0"/>
        <line num="44" count="6" type="cond" truecount="1" falsecount="0"/>
        <line num="45" count="6" type="stmt"/>
        <line num="46" count="6" type="stmt"/>
        <line num="47" count="6" type="stmt"/>
        <line num="48" count="6" type="stmt"/>
        <line num="49" count="6" type="stmt"/>
        <line num="50" count="6" type="stmt"/>
        <line num="51" count="6" type="stmt"/>
        <line num="52" count="6" type="stmt"/>
        <line num="53" count="6" type="stmt"/>
        <line num="54" count="6" type="stmt"/>
        <line num="55" count="6" type="cond" truecount="1" falsecount="0"/>
        <line num="56" count="378" type="stmt"/>
        <line num="57" count="378" type="stmt"/>
        <line num="58" count="378" type="stmt"/>
        <line num="59" count="378" type="stmt"/>
        <line num="60" count="378" type="stmt"/>
        <line num="61" count="384" type="stmt"/>
        <line num="62" count="384" type="stmt"/>
        <line num="63" count="384" type="stmt"/>
        <line num="64" count="384" type="stmt"/>
        <line num="65" count="384" type="stmt"/>
        <line num="66" count="1" type="stmt"/>
        <line num="67" count="1" type="stmt"/>
      </file>
      <file name="Sidebar.jsx" path="C:\Users\Cristopher\Downloads\fulsjsjsjs\Frontend_FullStack\Frontend\src\Components\Organism\Sidebar.jsx">
        <metrics statements="35" coveredstatements="35" conditionals="2" coveredconditionals="2" methods="2" coveredmethods="2"/>
        <line num="1" count="1" type="stmt"/>
        <line num="2" count="1" type="stmt"/>
        <line num="3" count="1" type="stmt"/>
        <line num="4" count="1" type="stmt"/>
        <line num="5" count="1" type="stmt"/>
        <line num="6" count="2" type="cond" truecount="1" falsecount="0"/>
        <line num="7" count="2" type="stmt"/>
        <line num="8" count="2" type="stmt"/>
        <line num="9" count="2" type="cond" truecount="1" falsecount="0"/>
        <line num="10" count="1" type="stmt"/>
        <line num="11" count="1" type="stmt"/>
        <line num="12" count="1" type="stmt"/>
        <line num="13" count="2" type="stmt"/>
        <line num="14" count="2" type="stmt"/>
        <line num="15" count="2" type="stmt"/>
        <line num="16" count="2" type="stmt"/>
        <line num="17" count="2" type="stmt"/>
        <line num="18" count="2" type="stmt"/>
        <line num="19" count="2" type="stmt"/>
        <line num="20" count="2" type="stmt"/>
        <line num="21" count="2" type="stmt"/>
        <line num="22" count="2" type="stmt"/>
        <line num="23" count="2" type="stmt"/>
        <line num="24" count="2" type="stmt"/>
        <line num="25" count="2" type="stmt"/>
        <line num="26" count="2" type="stmt"/>
        <line num="27" count="2" type="stmt"/>
        <line num="28" count="2" type="stmt"/>
        <line num="29" count="2" type="stmt"/>
        <line num="30" count="2" type="stmt"/>
        <line num="31" count="2" type="stmt"/>
        <line num="32" count="2" type="stmt"/>
        <line num="33" count="2" type="stmt"/>
        <line num="34" count="1" type="stmt"/>
        <line num="35" count="1" type="stmt"/>
      </file>
    </package>
    <package name="src.Components.pages">
      <metrics statements="1679" coveredstatements="1679" conditionals="238" coveredconditionals="238" methods="39" coveredmethods="39"/>
      <file name="Configuracion.jsx" path="C:\Users\Cristopher\Downloads\fulsjsjsjs\Frontend_FullStack\Frontend\src\Components\pages\Configuracion.jsx">
        <metrics statements="161" coveredstatements="161" conditionals="12" coveredconditionals="12" methods="5" coveredmethods="5"/>
        <line num="1" count="1" type="stmt"/>
        <line num="2" count="1" type="stmt"/>
        <line num="3" count="1" type="stmt"/>
        <line num="4" count="1" type="stmt"/>
        <line num="5" count="1" type="stmt"/>
        <line num="6" count="1" type="stmt"/>
        <line num="7" count="1" type="stmt"/>
        <line num="8" count="1" type="stmt"/>
        <line num="9" count="1" type="stmt"/>
        <line num="10" count="1" type="stmt"/>
        <line num="11" count="1" type="stmt"/>
        <line num="12" count="1" type="stmt"/>
        <line num="13" count="1" type="stmt"/>
        <line num="14" count="1" type="stmt"/>
        <line num="15" count="1" type="cond" truecount="1" falsecount="0"/>
        <line num="16" count="5" type="stmt"/>
        <line num="17" count="5" type="stmt"/>
        <line num="18" count="5" type="cond" truecount="2" falsecount="0"/>
        <line num="19" count="5" type="cond" truecount="1" falsecount="0"/>
        <line num="20" count="2" type="stmt"/>
        <line num="21" count="2" type="stmt"/>
        <line num="22" count="5" type="stmt"/>
        <line num="23" count="1" type="stmt"/>
        <line num="24" count="11" type="cond" truecount="1" falsecount="0"/>
        <line num="25" count="11" type="stmt"/>
        <line num="26" count="11" type="stmt"/>
        <line num="27" count="11" type="stmt"/>
        <line num="28" count="11" type="cond" truecount="1" falsecount="0"/>
        <line num="29" count="5" type="stmt"/>
        <line num="30" count="11" type="stmt"/>
        <line num="31" count="11" type="stmt"/>
        <line num="32" count="11" type="cond" truecount="1" falsecount="0"/>
        <line num="33" count="2" type="stmt"/>
        <line num="34" count="2" type="cond" truecount="1" falsecount="0"/>
        <line num="35" count="2" type="stmt"/>
        <line num="36" count="2" type="stmt"/>
        <line num="37" count="2" type="stmt"/>
        <line num="38" count="2" type="stmt"/>
        <line num="39" count="11" type="stmt"/>
        <line num="40" count="11" type="cond" truecount="1" falsecount="0"/>
        <line num="41" count="1" type="cond" truecount="1" falsecount="0"/>
        <line num="42" count="1" type="stmt"/>
        <line num="43" count="1" type="stmt"/>
        <line num="44" count="1" type="stmt"/>
        <line num="45" count="1" type="stmt"/>
        <line num="46" count="11" type="stmt"/>
        <line num="47" count="11" type="cond" truecount="1" falsecount="0"/>
        <line num="48" count="1" type="stmt"/>
        <line num="49" count="1" type="stmt"/>
        <line num="50" count="1" type="stmt"/>
        <line num="51" count="1" type="stmt"/>
        <line num="52" count="11" type="stmt"/>
        <line num="53" count="11" type="stmt"/>
        <line num="54" count="11" type="stmt"/>
        <line num="55" count="11" type="stmt"/>
        <line num="56" count="11" type="stmt"/>
        <line num="57" count="11" type="stmt"/>
        <line num="58" count="11" type="stmt"/>
        <line num="59" count="11" type="stmt"/>
        <line num="60" count="11" type="stmt"/>
        <line num="61" count="11" type="stmt"/>
        <line num="62" count="11" type="stmt"/>
        <line num="63" count="11" type="stmt"/>
        <line num="64" count="11" type="stmt"/>
        <line num="65" count="11" type="stmt"/>
        <line num="66" count="11" type="stmt"/>
        <line num="67" count="11" type="stmt"/>
        <line num="68" count="11" type="stmt"/>
        <line num="69" count="11" type="stmt"/>
        <line num="70" count="11" type="stmt"/>
        <line num="71" count="11" type="stmt"/>
        <line num="72" count="11" type="stmt"/>
        <line num="73" count="11" type="stmt"/>
        <line num="74" count="11" type="stmt"/>
        <line num="75" count="11" type="stmt"/>
        <line num="76" count="11" type="stmt"/>
        <line num="77" count="11" type="stmt"/>
        <line num="78" count="11" type="stmt"/>
        <line num="79" count="11" type="stmt"/>
        <line num="80" count="11" type="stmt"/>
        <line num="81" count="11" type="stmt"/>
        <line num="82" count="11" type="stmt"/>
        <line num="83" count="11" type="stmt"/>
        <line num="84" count="11" type="stmt"/>
        <line num="85" count="11" type="stmt"/>
        <line num="86" count="11" type="stmt"/>
        <line num="87" count="11" type="stmt"/>
        <line num="88" count="11" type="stmt"/>
        <line num="89" count="11" type="stmt"/>
        <line num="90" count="11" type="stmt"/>
        <line num="91" count="11" type="stmt"/>
        <line num="92" count="11" type="stmt"/>
        <line num="93" count="11" type="stmt"/>
        <line num="94" count="11" type="stmt"/>
        <line num="95" count="11" type="stmt"/>
        <line num="96" count="11" type="stmt"/>
        <line num="97" count="11" type="stmt"/>
        <line num="98" count="11" type="stmt"/>
        <line num="99" count="11" type="stmt"/>
        <line num="100" count="11" type="stmt"/>
        <line num="101" count="11" type="stmt"/>
        <line num="102" count="11" type="stmt"/>
        <line num="103" count="11" type="stmt"/>
        <line num="104" count="11" type="stmt"/>
        <line num="105" count="11" type="stmt"/>
        <line num="106" count="11" type="stmt"/>
        <line num="107" count="11" type="stmt"/>
        <line num="108" count="11" type="stmt"/>
        <line num="109" count="11" type="stmt"/>
        <line num="110" count="11" type="stmt"/>
        <line num="111" count="11" type="stmt"/>
        <line num="112" count="11" type="stmt"/>
        <line num="113" count="11" type="stmt"/>
        <line num="114" count="11" type="stmt"/>
        <line num="115" count="11" type="stmt"/>
        <line num="116" count="11" type="stmt"/>
        <line num="117" count="11" type="stmt"/>
        <line num="118" count="11" type="stmt"/>
        <line num="119" count="11" type="stmt"/>
        <line num="120" count="11" type="stmt"/>
        <line num="121" count="11" type="stmt"/>
        <line num="122" count="11" type="stmt"/>
        <line num="123" count="11" type="stmt"/>
        <line num="124" count="11" type="stmt"/>
        <line num="125" count="11" type="stmt"/>
        <line num="126" count="11" type="stmt"/>
        <line num="127" count="11" type="stmt"/>
        <line num="128" count="11" type="stmt"/>
        <line num="129" count="11" type="stmt"/>
        <line num="130" count="11" type="stmt"/>
        <line num="131" count="11" type="stmt"/>
        <line num="132" count="11" type="stmt"/>
        <line num="133" count="11" type="stmt"/>
        <line num="134" count="11" type="stmt"/>
        <line num="135" count="11" type="stmt"/>
        <line num="136" count="11" type="stmt"/>
        <line num="137" count="11" type="stmt"/>
        <line num="138" count="11" type="stmt"/>
        <line num="139" count="11" type="stmt"/>
        <line num="140" count="11" type="stmt"/>
        <line num="141" count="11" type="stmt"/>
        <line num="142" count="11" type="stmt"/>
        <line num="143" count="11" type="stmt"/>
        <line num="144" count="11" type="stmt"/>
        <line num="145" count="11" type="stmt"/>
        <line num="146" count="11" type="stmt"/>
        <line num="147" count="11" type="stmt"/>
        <line num="148" count="11" type="stmt"/>
        <line num="149" count="11" type="stmt"/>
        <line num="150" count="11" type="cond" truecount="1" falsecount="0"/>
        <line num="151" count="11" type="stmt"/>
        <line num="152" count="11" type="stmt"/>
        <line num="153" count="11" type="stmt"/>
        <line num="154" count="11" type="stmt"/>
        <line num="155" count="11" type="stmt"/>
        <line num="156" count="11" type="stmt"/>
        <line num="157" count="11" type="stmt"/>
        <line num="158" count="11" type="stmt"/>
        <line num="159" count="11" type="stmt"/>
        <line num="160" count="1" type="stmt"/>
        <line num="161" count="1" type="stmt"/>
      </file>
      <file name="CrearCuenta.jsx" path="C:\Users\Cristopher\Downloads\fulsjsjsjs\Frontend_FullStack\Frontend\src\Components\pages\CrearCuenta.jsx">
        <metrics statements="203" coveredstatements="203" conditionals="27" coveredconditionals="27" methods="8" coveredmethods="8"/>
        <line num="1" count="1" type="stmt"/>
        <line num="2" count="1" type="stmt"/>
        <line num="3" count="1" type="stmt"/>
        <line num="4" count="1" type="stmt"/>
        <line num="5" count="1" type="stmt"/>
        <line num="6" count="1" type="stmt"/>
        <line num="7" count="1" type="stmt"/>
        <line num="8" count="1" type="stmt"/>
        <line num="9" count="1" type="stmt"/>
        <line num="10" count="375" type="cond" truecount="1" falsecount="0"/>
        <line num="11" count="375" type="stmt"/>
        <line num="12" count="375" type="stmt"/>
        <line num="13" count="375" type="stmt"/>
        <line num="14" count="375" type="stmt"/>
        <line num="15" count="375" type="stmt"/>
        <line num="16" count="375" type="stmt"/>
        <line num="17" count="375" type="stmt"/>
        <line num="18" count="375" type="stmt"/>
        <line num="19" count="375" type="stmt"/>
        <line num="20" count="375" type="cond" truecount="1" falsecount="0"/>
        <line num="21" count="9" type="stmt"/>
        <line num="22" count="9" type="stmt"/>
        <line num="23" count="9" type="stmt"/>
        <line num="24" count="9" type="stmt"/>
        <line num="25" count="9" type="cond" truecount="1" falsecount="0"/>
        <line num="26" count="1" type="stmt"/>
        <line num="27" count="1" type="stmt"/>
        <line num="28" count="1" type="cond" truecount="1" falsecount="0"/>
        <line num="29" count="9" type="cond" truecount="1" falsecount="0"/>
        <line num="30" count="1" type="stmt"/>
        <line num="31" count="1" type="stmt"/>
        <line num="32" count="1" type="cond" truecount="1" falsecount="0"/>
        <line num="33" count="9" type="cond" truecount="1" falsecount="0"/>
        <line num="34" count="1" type="stmt"/>
        <line num="35" count="1" type="stmt"/>
        <line num="36" count="1" type="cond" truecount="1" falsecount="0"/>
        <line num="37" count="9" type="cond" truecount="1" falsecount="0"/>
        <line num="38" count="1" type="stmt"/>
        <line num="39" count="1" type="stmt"/>
        <line num="40" count="1" type="cond" truecount="1" falsecount="0"/>
        <line num="41" count="5" type="stmt"/>
        <line num="42" count="5" type="stmt"/>
        <line num="43" count="5" type="stmt"/>
        <line num="44" count="5" type="stmt"/>
        <line num="45" count="5" type="stmt"/>
        <line num="46" count="5" type="stmt"/>
        <line num="47" count="5" type="stmt"/>
        <line num="48" count="5" type="stmt"/>
        <line num="49" count="5" type="stmt"/>
        <line num="50" count="5" type="stmt"/>
        <line num="51" count="5" type="stmt"/>
        <line num="52" count="5" type="cond" truecount="1" falsecount="0"/>
        <line num="53" count="2" type="stmt"/>
        <line num="54" count="2" type="stmt"/>
        <line num="55" count="9" type="cond" truecount="1" falsecount="0"/>
        <line num="56" count="1" type="stmt"/>
        <line num="57" count="1" type="cond" truecount="1" falsecount="0"/>
        <line num="58" count="2" type="stmt"/>
        <line num="59" count="2" type="stmt"/>
        <line num="60" count="2" type="stmt"/>
        <line num="61" count="9" type="cond" truecount="1" falsecount="0"/>
        <line num="62" count="3" type="stmt"/>
        <line num="63" count="3" type="cond" truecount="1" falsecount="0"/>
        <line num="64" count="2" type="stmt"/>
        <line num="65" count="2" type="cond" truecount="1" falsecount="0"/>
        <line num="66" count="1" type="stmt"/>
        <line num="67" count="2" type="stmt"/>
        <line num="68" count="3" type="cond" truecount="1" falsecount="0"/>
        <line num="69" count="1" type="stmt"/>
        <line num="70" count="1" type="stmt"/>
        <line num="71" count="9" type="cond" truecount="1" falsecount="0"/>
        <line num="72" count="5" type="stmt"/>
        <line num="73" count="5" type="stmt"/>
        <line num="74" count="9" type="stmt"/>
        <line num="75" count="375" type="stmt"/>
        <line num="76" count="375" type="cond" truecount="1" falsecount="0"/>
        <line num="77" count="1" type="stmt"/>
        <line num="78" count="1" type="stmt"/>
        <line num="79" count="375" type="stmt"/>
        <line num="80" count="375" type="stmt"/>
        <line num="81" count="375" type="stmt"/>
        <line num="82" count="375" type="stmt"/>
        <line num="83" count="375" type="stmt"/>
        <line num="84" count="375" type="stmt"/>
        <line num="85" count="375" type="stmt"/>
        <line num="86" count="375" type="stmt"/>
        <line num="87" count="375" type="stmt"/>
        <line num="88" count="375" type="stmt"/>
        <line num="89" count="375" type="stmt"/>
        <line num="90" count="375" type="stmt"/>
        <line num="91" count="375" type="stmt"/>
        <line num="92" count="375" type="stmt"/>
        <line num="93" count="375" type="stmt"/>
        <line num="94" count="375" type="stmt"/>
        <line num="95" count="375" type="stmt"/>
        <line num="96" count="375" type="stmt"/>
        <line num="97" count="375" type="stmt"/>
        <line num="98" count="375" type="stmt"/>
        <line num="99" count="375" type="stmt"/>
        <line num="100" count="375" type="stmt"/>
        <line num="101" count="375" type="stmt"/>
        <line num="102" count="375" type="stmt"/>
        <line num="103" count="375" type="stmt"/>
        <line num="104" count="375" type="stmt"/>
        <line num="105" count="375" type="stmt"/>
        <line num="106" count="375" type="stmt"/>
        <line num="107" count="375" type="stmt"/>
        <line num="108" count="375" type="stmt"/>
        <line num="109" count="375" type="stmt"/>
        <line num="110" count="375" type="stmt"/>
        <line num="111" count="375" type="stmt"/>
        <line num="112" count="375" type="stmt"/>
        <line num="113" count="375" type="stmt"/>
        <line num="114" count="375" type="stmt"/>
        <line num="115" count="375" type="stmt"/>
        <line num="116" count="375" type="stmt"/>
        <line num="117" count="375" type="stmt"/>
        <line num="118" count="375" type="stmt"/>
        <line num="119" count="375" type="stmt"/>
        <line num="120" count="375" type="stmt"/>
        <line num="121" count="375" type="stmt"/>
        <line num="122" count="375" type="stmt"/>
        <line num="123" count="375" type="cond" truecount="1" falsecount="0"/>
        <line num="124" count="375" type="stmt"/>
        <line num="125" count="375" type="stmt"/>
        <line num="126" count="375" type="stmt"/>
        <line num="127" count="375" type="stmt"/>
        <line num="128" count="375" type="stmt"/>
        <line num="129" count="375" type="stmt"/>
        <line num="130" count="375" type="stmt"/>
        <line num="131" count="375" type="stmt"/>
        <line num="132" count="375" type="stmt"/>
        <line num="133" count="375" type="stmt"/>
        <line num="134" count="375" type="stmt"/>
        <line num="135" count="375" type="stmt"/>
        <line num="136" count="375" type="cond" truecount="1" falsecount="0"/>
        <line num="137" count="375" type="stmt"/>
        <line num="138" count="375" type="stmt"/>
        <line num="139" count="375" type="stmt"/>
        <line num="140" count="375" type="stmt"/>
        <line num="141" count="375" type="stmt"/>
        <line num="142" count="375" type="stmt"/>
        <line num="143" count="375" type="stmt"/>
        <line num="144" count="375" type="stmt"/>
        <line num="145" count="375" type="stmt"/>
        <line num="146" count="375" type="stmt"/>
        <line num="147" count="375" type="stmt"/>
        <line num="148" count="375" type="stmt"/>
        <line num="149" count="375" type="cond" truecount="1" falsecount="0"/>
        <line num="150" count="375" type="stmt"/>
        <line num="151" count="375" type="stmt"/>
        <line num="152" count="375" type="stmt"/>
        <line num="153" count="375" type="stmt"/>
        <line num="154" count="375" type="stmt"/>
        <line num="155" count="375" type="stmt"/>
        <line num="156" count="375" type="stmt"/>
        <line num="157" count="375" type="stmt"/>
        <line num="158" count="375" type="stmt"/>
        <line num="159" count="375" type="stmt"/>
        <line num="160" count="375" type="stmt"/>
        <line num="161" count="375" type="stmt"/>
        <line num="162" count="375" type="cond" truecount="1" falsecount="0"/>
        <line num="163" count="375" type="stmt"/>
        <line num="164" count="375" type="stmt"/>
        <line num="165" count="375" type="stmt"/>
        <line num="166" count="375" type="stmt"/>
        <line num="167" count="375" type="stmt"/>
        <line num="168" count="375" type="stmt"/>
        <line num="169" count="375" type="stmt"/>
        <line num="170" count="375" type="stmt"/>
        <line num="171" count="375" type="stmt"/>
        <line num="172" count="375" type="stmt"/>
        <line num="173" count="375" type="stmt"/>
        <line num="174" count="375" type="cond" truecount="1" falsecount="0"/>
        <line num="175" count="375" type="stmt"/>
        <line num="176" count="375" type="stmt"/>
        <line num="177" count="375" type="stmt"/>
        <line num="178" count="375" type="stmt"/>
        <line num="179" count="375" type="stmt"/>
        <line num="180" count="375" type="stmt"/>
        <line num="181" count="375" type="stmt"/>
        <line num="182" count="375" type="stmt"/>
        <line num="183" count="375" type="stmt"/>
        <line num="184" count="375" type="stmt"/>
        <line num="185" count="375" type="stmt"/>
        <line num="186" count="375" type="stmt"/>
        <line num="187" count="375" type="stmt"/>
        <line num="188" count="375" type="stmt"/>
        <line num="189" count="375" type="stmt"/>
        <line num="190" count="375" type="stmt"/>
        <line num="191" count="375" type="cond" truecount="2" falsecount="0"/>
        <line num="192" count="375" type="stmt"/>
        <line num="193" count="375" type="stmt"/>
        <line num="194" count="375" type="cond" truecount="1" falsecount="0"/>
        <line num="195" count="375" type="stmt"/>
        <line num="196" count="375" type="stmt"/>
        <line num="197" count="375" type="stmt"/>
        <line num="198" count="375" type="stmt"/>
        <line num="199" count="375" type="stmt"/>
        <line num="200" count="375" type="stmt"/>
        <line num="201" count="375" type="stmt"/>
        <line num="202" count="375" type="stmt"/>
        <line num="203" count="375" type="stmt"/>
      </file>
      <file name="Home.jsx" path="C:\Users\Cristopher\Downloads\fulsjsjsjs\Frontend_FullStack\Frontend\src\Components\pages\Home.jsx">
        <metrics statements="57" coveredstatements="57" conditionals="4" coveredconditionals="4" methods="1" coveredmethods="1"/>
        <line num="1" count="1" type="stmt"/>
        <line num="2" count="1" type="stmt"/>
        <line num="3" count="1" type="stmt"/>
        <line num="4" count="1" type="stmt"/>
        <line num="5" count="1" type="stmt"/>
        <line num="6" count="1" type="stmt"/>
        <line num="7" count="1" type="stmt"/>
        <line num="8" count="1" type="stmt"/>
        <line num="9" count="1" type="stmt"/>
        <line num="10" count="3" type="cond" truecount="1" falsecount="0"/>
        <line num="11" count="3" type="stmt"/>
        <line num="12" count="3" type="stmt"/>
        <line num="13" count="3" type="cond" truecount="1" falsecount="0"/>
        <line num="14" count="2" type="stmt"/>
        <line num="15" count="3" type="stmt"/>
        <line num="16" count="3" type="stmt"/>
        <line num="17" count="3" type="stmt"/>
        <line num="18" count="3" type="stmt"/>
        <line num="19" count="3" type="stmt"/>
        <line num="20" count="3" type="stmt"/>
        <line num="21" count="3" type="cond" truecount="1" falsecount="0"/>
        <line num="22" count="1" type="stmt"/>
        <line num="23" count="1" type="stmt"/>
        <line num="24" count="1" type="stmt"/>
        <line num="25" count="1" type="stmt"/>
        <line num="26" count="1" type="stmt"/>
        <line num="27" count="1" type="stmt"/>
        <line num="28" count="1" type="stmt"/>
        <line num="29" count="1" type="stmt"/>
        <line num="30" count="1" type="cond" truecount="1" falsecount="0"/>
        <line num="31" count="2" type="stmt"/>
        <line num="32" count="2" type="stmt"/>
        <line num="33" count="2" type="stmt"/>
        <line num="34" count="2" type="stmt"/>
        <line num="35" count="2" type="stmt"/>
        <line num="36" count="2" type="stmt"/>
        <line num="37" count="2" type="stmt"/>
        <line num="38" count="2" type="stmt"/>
        <line num="39" count="2" type="stmt"/>
        <line num="40" count="2" type="stmt"/>
        <line num="41" count="2" type="stmt"/>
        <line num="42" count="2" type="stmt"/>
        <line num="43" count="2" type="stmt"/>
        <line num="44" count="2" type="stmt"/>
        <line num="45" count="2" type="stmt"/>
        <line num="46" count="2" type="stmt"/>
        <line num="47" count="2" type="stmt"/>
        <line num="48" count="2" type="stmt"/>
        <line num="49" count="2" type="stmt"/>
        <line num="50" count="3" type="stmt"/>
        <line num="51" count="3" type="stmt"/>
        <line num="52" count="3" type="stmt"/>
        <line num="53" count="3" type="stmt"/>
        <line num="54" count="3" type="stmt"/>
        <line num="55" count="3" type="stmt"/>
        <line num="56" count="1" type="stmt"/>
        <line num="57" count="1" type="stmt"/>
      </file>
      <file name="Login.jsx" path="C:\Users\Cristopher\Downloads\fulsjsjsjs\Frontend_FullStack\Frontend\src\Components\pages\Login.jsx">
        <metrics statements="159" coveredstatements="159" conditionals="23" coveredconditionals="23" methods="5" coveredmethods="5"/>
        <line num="1" count="1" type="stmt"/>
        <line num="2" count="1" type="stmt"/>
        <line num="3" count="1" type="stmt"/>
        <line num="4" count="1" type="stmt"/>
        <line num="5" count="1" type="stmt"/>
        <line num="6" count="1" type="stmt"/>
        <line num="7" count="1" type="stmt"/>
        <line num="8" count="1" type="stmt"/>
        <line num="9" count="1" type="stmt"/>
        <line num="10" count="255" type="cond" truecount="1" falsecount="0"/>
        <line num="11" count="255" type="stmt"/>
        <line num="12" count="255" type="stmt"/>
        <line num="13" count="255" type="stmt"/>
        <line num="14" count="255" type="stmt"/>
        <line num="15" count="255" type="stmt"/>
        <line num="16" count="255" type="stmt"/>
        <line num="17" count="255" type="cond" truecount="1" falsecount="0"/>
        <line num="18" count="9" type="stmt"/>
        <line num="19" count="9" type="stmt"/>
        <line num="20" count="9" type="stmt"/>
        <line num="21" count="9" type="stmt"/>
        <line num="22" count="9" type="stmt"/>
        <line num="23" count="9" type="cond" truecount="1" falsecount="0"/>
        <line num="24" count="1" type="stmt"/>
        <line num="25" count="1" type="stmt"/>
        <line num="26" count="1" type="stmt"/>
        <line num="27" count="1" type="cond" truecount="1" falsecount="0"/>
        <line num="28" count="8" type="stmt"/>
        <line num="29" count="8" type="stmt"/>
        <line num="30" count="8" type="stmt"/>
        <line num="31" count="8" type="cond" truecount="1" falsecount="0"/>
        <line num="32" count="4" type="stmt"/>
        <line num="33" count="4" type="stmt"/>
        <line num="34" count="4" type="stmt"/>
        <line num="35" count="4" type="stmt"/>
        <line num="36" count="9" type="cond" truecount="1" falsecount="0"/>
        <line num="37" count="3" type="stmt"/>
        <line num="38" count="3" type="cond" truecount="1" falsecount="0"/>
        <line num="39" count="4" type="stmt"/>
        <line num="40" count="9" type="cond" truecount="3" falsecount="0"/>
        <line num="41" count="9" type="stmt"/>
        <line num="42" count="9" type="stmt"/>
        <line num="43" count="9" type="stmt"/>
        <line num="44" count="9" type="stmt"/>
        <line num="45" count="9" type="cond" truecount="1" falsecount="0"/>
        <line num="46" count="4" type="stmt"/>
        <line num="47" count="4" type="stmt"/>
        <line num="48" count="4" type="stmt"/>
        <line num="49" count="4" type="cond" truecount="1" falsecount="0"/>
        <line num="50" count="2" type="stmt"/>
        <line num="51" count="2" type="cond" truecount="1" falsecount="0"/>
        <line num="52" count="1" type="stmt"/>
        <line num="53" count="1" type="stmt"/>
        <line num="54" count="1" type="stmt"/>
        <line num="55" count="1" type="stmt"/>
        <line num="56" count="2" type="cond" truecount="1" falsecount="0"/>
        <line num="57" count="1" type="stmt"/>
        <line num="58" count="1" type="stmt"/>
        <line num="59" count="1" type="stmt"/>
        <line num="60" count="1" type="stmt"/>
        <line num="61" count="1" type="stmt"/>
        <line num="62" count="9" type="cond" truecount="1" falsecount="0"/>
        <line num="63" count="8" type="stmt"/>
        <line num="64" count="8" type="stmt"/>
        <line num="65" count="9" type="stmt"/>
        <line num="66" count="255" type="stmt"/>
        <line num="67" count="255" type="cond" truecount="1" falsecount="0"/>
        <line num="68" count="1" type="stmt"/>
        <line num="69" count="1" type="stmt"/>
        <line num="70" count="255" type="stmt"/>
        <line num="71" count="255" type="stmt"/>
        <line num="72" count="255" type="stmt"/>
        <line num="73" count="255" type="stmt"/>
        <line num="74" count="255" type="stmt"/>
        <line num="75" count="255" type="stmt"/>
        <line num="76" count="255" type="stmt"/>
        <line num="77" count="255" type="stmt"/>
        <line num="78" count="255" type="stmt"/>
        <line num="79" count="255" type="stmt"/>
        <line num="80" count="255" type="stmt"/>
        <line num="81" count="255" type="stmt"/>
        <line num="82" count="255" type="stmt"/>
        <line num="83" count="255" type="stmt"/>
        <line num="84" count="255" type="stmt"/>
        <line num="85" count="255" type="stmt"/>
        <line num="86" count="255" type="stmt"/>
        <line num="87" count="255" type="stmt"/>
        <line num="88" count="255" type="stmt"/>
        <line num="89" count="255" type="stmt"/>
        <line num="90" count="255" type="stmt"/>
        <line num="91" count="255" type="stmt"/>
        <line num="92" count="255" type="stmt"/>
        <line num="93" count="255" type="stmt"/>
        <line num="94" count="255" type="stmt"/>
        <line num="95" count="255" type="stmt"/>
        <line num="96" count="255" type="stmt"/>
        <line num="97" count="255" type="stmt"/>
        <line num="98" count="255" type="stmt"/>
        <line num="99" count="255" type="stmt"/>
        <line num="100" count="255" type="stmt"/>
        <line num="101" count="255" type="stmt"/>
        <line num="102" count="255" type="stmt"/>
        <line num="103" count="255" type="stmt"/>
        <line num="104" count="255" type="stmt"/>
        <line num="105" count="255" type="stmt"/>
        <line num="106" count="255" type="stmt"/>
        <line num="107" count="255" type="stmt"/>
        <line num="108" count="255" type="stmt"/>
        <line num="109" count="255" type="stmt"/>
        <line num="110" count="255" type="stmt"/>
        <line num="111" count="255" type="stmt"/>
        <line num="112" count="255" type="stmt"/>
        <line num="113" count="255" type="stmt"/>
        <line num="114" count="255" type="cond" truecount="1" falsecount="0"/>
        <line num="115" count="255" type="stmt"/>
        <line num="116" count="255" type="stmt"/>
        <line num="117" count="255" type="stmt"/>
        <line num="118" count="255" type="stmt"/>
        <line num="119" count="255" type="stmt"/>
        <line num="120" count="255" type="stmt"/>
        <line num="121" count="255" type="stmt"/>
        <line num="122" count="255" type="stmt"/>
        <line num="123" count="255" type="stmt"/>
        <line num="124" count="255" type="stmt"/>
        <line num="125" count="255" type="stmt"/>
        <line num="126" count="255" type="stmt"/>
        <line num="127" count="255" type="cond" truecount="1" falsecount="0"/>
        <line num="128" count="255" type="stmt"/>
        <line num="129" count="255" type="stmt"/>
        <line num="130" count="255" type="stmt"/>
        <line num="131" count="255" type="stmt"/>
        <line num="132" count="255" type="stmt"/>
        <line num="133" count="255" type="stmt"/>
        <line num="134" count="255" type="stmt"/>
        <line num="135" count="255" type="stmt"/>
        <line num="136" count="255" type="stmt"/>
        <line num="137" count="255" type="stmt"/>
        <line num="138" count="255" type="stmt"/>
        <line num="139" count="255" type="cond" truecount="2" falsecount="0"/>
        <line num="140" count="255" type="stmt"/>
        <line num="141" count="255" type="stmt"/>
        <line num="142" count="255" type="cond" truecount="1" falsecount="0"/>
        <line num="143" count="9" type="stmt"/>
        <line num="144" count="9" type="cond" truecount="2" falsecount="0"/>
        <line num="145" count="9" type="stmt"/>
        <line num="146" count="9" type="stmt"/>
        <line num="147" count="9" type="stmt"/>
        <line num="148" count="255" type="stmt"/>
        <line num="149" count="255" type="stmt"/>
        <line num="150" count="255" type="stmt"/>
        <line num="151" count="255" type="stmt"/>
        <line num="152" count="255" type="stmt"/>
        <line num="153" count="255" type="stmt"/>
        <line num="154" count="255" type="stmt"/>
        <line num="155" count="255" type="stmt"/>
        <line num="156" count="255" type="stmt"/>
        <line num="157" count="255" type="stmt"/>
        <line num="158" count="1" type="stmt"/>
        <line num="159" count="1" type="stmt"/>
      </file>
      <file name="Metricas.jsx" path="C:\Users\Cristopher\Downloads\fulsjsjsjs\Frontend_FullStack\Frontend\src\Components\pages\Metricas.jsx">
        <metrics statements="517" coveredstatements="517" conditionals="71" coveredconditionals="71" methods="9" coveredmethods="9"/>
        <line num="1" count="1" type="stmt"/>
        <line num="2" count="1" type="stmt"/>
        <line num="3" count="1" type="stmt"/>
        <line num="4" count="1" type="stmt"/>
        <line num="5" count="1" type="stmt"/>
        <line num="6" count="1" type="stmt"/>
        <line num="7" count="1" type="stmt"/>
        <line num="8" count="1" type="stmt"/>
        <line num="9" count="1" type="stmt"/>
        <line num="10" count="1" type="stmt"/>
        <line num="11" count="1" type="stmt"/>
        <line num="12" count="1" type="stmt"/>
        <line num="13" count="1" type="stmt"/>
        <line num="14" count="1" type="stmt"/>
        <line num="15" count="1" type="stmt"/>
        <line num="16" count="1" type="stmt"/>
        <line num="17" count="1" type="stmt"/>
        <line num="18" count="1" type="stmt"/>
        <line num="19" count="1" type="stmt"/>
        <line num="20" count="1" type="stmt"/>
        <line num="21" count="1" type="stmt"/>
        <line num="22" count="1" type="stmt"/>
        <line num="23" count="1" type="stmt"/>
        <line num="24" count="1" type="stmt"/>
        <line num="25" count="1" type="stmt"/>
        <line num="26" count="1" type="stmt"/>
        <line num="27" count="1" type="stmt"/>
        <line num="28" count="1" type="stmt"/>
        <line num="29" count="1" type="stmt"/>
        <line num="30" count="1" type="stmt"/>
        <line num="31" count="1" type="stmt"/>
        <line num="32" count="1" type="stmt"/>
        <line num="33" count="1" type="stmt"/>
        <line num="34" count="1" type="stmt"/>
        <line num="35" count="1" type="stmt"/>
        <line num="36" count="1" type="stmt"/>
        <line num="37" count="1" type="stmt"/>
        <line num="38" count="1" type="stmt"/>
        <line num="39" count="1" type="stmt"/>
        <line num="40" count="1" type="stmt"/>
        <line num="41" count="1" type="stmt"/>
        <line num="42" count="1" type="stmt"/>
        <line num="43" count="1" type="stmt"/>
        <line num="44" count="1" type="stmt"/>
        <line num="45" count="1" type="stmt"/>
        <line num="46" count="1" type="stmt"/>
        <line num="47" count="1" type="stmt"/>
        <line num="48" count="1" type="stmt"/>
        <line num="49" count="1" type="stmt"/>
        <line num="50" count="1" type="stmt"/>
        <line num="51" count="1" type="stmt"/>
        <line num="52" count="1" type="stmt"/>
        <line num="53" count="1" type="stmt"/>
        <line num="54" count="1" type="cond" truecount="1" falsecount="0"/>
        <line num="55" count="20" type="cond" truecount="2" falsecount="0"/>
        <line num="56" count="20" type="cond" truecount="3" falsecount="0"/>
        <line num="57" count="20" type="cond" truecount="3" falsecount="0"/>
        <line num="58" count="20" type="cond" truecount="3" falsecount="0"/>
        <line num="59" count="3" type="stmt"/>
        <line num="60" count="3" type="stmt"/>
        <line num="61" count="1" type="stmt"/>
        <line num="62" count="1" type="cond" truecount="1" falsecount="0"/>
        <line num="63" count="26" type="stmt"/>
        <line num="64" count="26" type="stmt"/>
        <line num="65" count="26" type="cond" truecount="1" falsecount="0"/>
        <line num="66" count="26" type="stmt"/>
        <line num="67" count="26" type="stmt"/>
        <line num="68" count="1" type="stmt"/>
        <line num="69" count="1" type="cond" truecount="1" falsecount="0"/>
        <line num="70" count="12" type="stmt"/>
        <line num="71" count="12" type="cond" truecount="1" falsecount="0"/>
        <line num="72" count="12" type="cond" truecount="1" falsecount="0"/>
        <line num="73" count="12" type="stmt"/>
        <line num="74" count="1" type="stmt"/>
        <line num="75" count="1" type="cond" truecount="1" falsecount="0"/>
        <line num="76" count="12" type="stmt"/>
        <line num="77" count="12" type="cond" truecount="1" falsecount="0"/>
        <line num="78" count="12" type="cond" truecount="1" falsecount="0"/>
        <line num="79" count="12" type="cond" truecount="1" falsecount="0"/>
        <line num="80" count="12" type="cond" truecount="1" falsecount="0"/>
        <line num="81" count="12" type="cond" truecount="1" falsecount="0"/>
        <line num="82" count="12" type="cond" truecount="1" falsecount="0"/>
        <line num="83" count="9" type="cond" truecount="1" falsecount="0"/>
        <line num="84" count="3" type="cond" truecount="1" falsecount="0"/>
        <line num="85" count="12" type="cond" truecount="1" falsecount="0"/>
        <line num="86" count="10" type="cond" truecount="1" falsecount="0"/>
        <line num="87" count="2" type="stmt"/>
        <line num="88" count="12" type="cond" truecount="1" falsecount="0"/>
        <line num="89" count="9" type="cond" truecount="1" falsecount="0"/>
        <line num="90" count="3" type="cond" truecount="1" falsecount="0"/>
        <line num="91" count="12" type="cond" truecount="1" falsecount="0"/>
        <line num="92" count="10" type="cond" truecount="1" falsecount="0"/>
        <line num="93" count="2" type="stmt"/>
        <line num="94" count="12" type="stmt"/>
        <line num="95" count="12" type="stmt"/>
        <line num="96" count="1" type="stmt"/>
        <line num="97" count="53" type="cond" truecount="1" falsecount="0"/>
        <line num="98" count="53" type="stmt"/>
        <line num="99" count="53" type="stmt"/>
        <line num="100" count="53" type="stmt"/>
        <line num="101" count="53" type="stmt"/>
        <line num="102" count="53" type="stmt"/>
        <line num="103" count="53" type="stmt"/>
        <line num="104" count="53" type="stmt"/>
        <line num="105" count="53" type="cond" truecount="1" falsecount="0"/>
        <line num="106" count="15" type="stmt"/>
        <line num="107" count="15" type="stmt"/>
        <line num="108" count="15" type="cond" truecount="1" falsecount="0"/>
        <line num="109" count="15" type="stmt"/>
        <line num="110" count="15" type="cond" truecount="1" falsecount="0"/>
        <line num="111" count="14" type="stmt"/>
        <line num="112" count="14" type="stmt"/>
        <line num="113" count="15" type="cond" truecount="3" falsecount="0"/>
        <line num="114" count="7" type="stmt"/>
        <line num="115" count="7" type="stmt"/>
        <line num="116" count="7" type="stmt"/>
        <line num="117" count="15" type="cond" truecount="1" falsecount="0"/>
        <line num="118" count="1" type="stmt"/>
        <line num="119" count="1" type="stmt"/>
        <line num="120" count="1" type="stmt"/>
        <line num="121" count="1" type="stmt"/>
        <line num="122" count="1" type="stmt"/>
        <line num="123" count="15" type="stmt"/>
        <line num="124" count="15" type="cond" truecount="1" falsecount="0"/>
        <line num="125" count="14" type="stmt"/>
        <line num="126" count="14" type="stmt"/>
        <line num="127" count="15" type="stmt"/>
        <line num="128" count="15" type="stmt"/>
        <line num="129" count="15" type="stmt"/>
        <line num="130" count="15" type="stmt"/>
        <line num="131" count="15" type="stmt"/>
        <line num="132" count="15" type="cond" truecount="1" falsecount="0"/>
        <line num="133" count="15" type="stmt"/>
        <line num="134" count="15" type="stmt"/>
        <line num="135" count="53" type="stmt"/>
        <line num="136" count="53" type="stmt"/>
        <line num="137" count="53" type="stmt"/>
        <line num="138" count="53" type="cond" truecount="1" falsecount="0"/>
        <line num="139" count="24" type="stmt"/>
        <line num="140" count="24" type="stmt"/>
        <line num="141" count="24" type="stmt"/>
        <line num="142" count="24" type="stmt"/>
        <line num="143" count="24" type="stmt"/>
        <line num="144" count="24" type="stmt"/>
        <line num="145" count="24" type="stmt"/>
        <line num="146" count="24" type="stmt"/>
        <line num="147" count="24" type="stmt"/>
        <line num="148" count="24" type="stmt"/>
        <line num="149" count="24" type="stmt"/>
        <line num="150" count="24" type="stmt"/>
        <line num="151" count="24" type="stmt"/>
        <line num="152" count="24" type="stmt"/>
        <line num="153" count="24" type="stmt"/>
        <line num="154" count="24" type="stmt"/>
        <line num="155" count="24" type="stmt"/>
        <line num="156" count="24" type="stmt"/>
        <line num="157" count="24" type="stmt"/>
        <line num="158" count="24" type="stmt"/>
        <line num="159" count="24" type="stmt"/>
        <line num="160" count="53" type="stmt"/>
        <line num="161" count="53" type="stmt"/>
        <line num="162" count="53" type="stmt"/>
        <line num="163" count="53" type="stmt"/>
        <line num="164" count="53" type="cond" truecount="1" falsecount="0"/>
        <line num="165" count="24" type="cond" truecount="1" falsecount="0"/>
        <line num="166" count="111" type="cond" truecount="1" falsecount="0"/>
        <line num="167" count="111" type="cond" truecount="1" falsecount="0"/>
        <line num="168" count="111" type="cond" truecount="1" falsecount="0"/>
        <line num="169" count="24" type="stmt"/>
        <line num="170" count="53" type="stmt"/>
        <line num="171" count="53" type="stmt"/>
        <line num="172" count="53" type="cond" truecount="1" falsecount="0"/>
        <line num="173" count="53" type="stmt"/>
        <line num="174" count="53" type="stmt"/>
        <line num="175" count="53" type="stmt"/>
        <line num="176" count="53" type="stmt"/>
        <line num="177" count="53" type="stmt"/>
        <line num="178" count="53" type="stmt"/>
        <line num="179" count="53" type="stmt"/>
        <line num="180" count="53" type="stmt"/>
        <line num="181" count="53" type="stmt"/>
        <line num="182" count="53" type="stmt"/>
        <line num="183" count="53" type="stmt"/>
        <line num="184" count="53" type="cond" truecount="1" falsecount="0"/>
        <line num="185" count="16" type="stmt"/>
        <line num="186" count="16" type="cond" truecount="1" falsecount="0"/>
        <line num="187" count="16" type="stmt"/>
        <line num="188" count="16" type="stmt"/>
        <line num="189" count="16" type="stmt"/>
        <line num="190" count="16" type="stmt"/>
        <line num="191" count="53" type="stmt"/>
        <line num="192" count="53" type="cond" truecount="1" falsecount="0"/>
        <line num="193" count="3" type="stmt"/>
        <line num="194" count="3" type="stmt"/>
        <line num="195" count="3" type="stmt"/>
        <line num="196" count="3" type="stmt"/>
        <line num="197" count="3" type="stmt"/>
        <line num="198" count="3" type="stmt"/>
        <line num="199" count="3" type="stmt"/>
        <line num="200" count="3" type="stmt"/>
        <line num="201" count="3" type="stmt"/>
        <line num="202" count="3" type="stmt"/>
        <line num="203" count="3" type="stmt"/>
        <line num="204" count="3" type="stmt"/>
        <line num="205" count="3" type="stmt"/>
        <line num="206" count="3" type="stmt"/>
        <line num="207" count="3" type="stmt"/>
        <line num="208" count="3" type="stmt"/>
        <line num="209" count="3" type="cond" truecount="1" falsecount="0"/>
        <line num="210" count="3" type="cond" truecount="1" falsecount="0"/>
        <line num="211" count="3" type="stmt"/>
        <line num="212" count="3" type="stmt"/>
        <line num="213" count="3" type="stmt"/>
        <line num="214" count="3" type="cond" truecount="1" falsecount="0"/>
        <line num="215" count="1" type="stmt"/>
        <line num="216" count="1" type="stmt"/>
        <line num="217" count="1" type="stmt"/>
        <line num="218" count="3" type="stmt"/>
        <line num="219" count="3" type="stmt"/>
        <line num="220" count="3" type="stmt"/>
        <line num="221" count="3" type="stmt"/>
        <line num="222" count="53" type="stmt"/>
        <line num="223" count="53" type="stmt"/>
        <line num="224" count="53" type="stmt"/>
        <line num="225" count="53" type="stmt"/>
        <line num="226" count="53" type="stmt"/>
        <line num="227" count="53" type="stmt"/>
        <line num="228" count="53" type="stmt"/>
        <line num="229" count="53" type="stmt"/>
        <line num="230" count="53" type="stmt"/>
        <line num="231" count="53" type="stmt"/>
        <line num="232" count="53" type="stmt"/>
        <line num="233" count="53" type="stmt"/>
        <line num="234" count="53" type="stmt"/>
        <line num="235" count="53" type="stmt"/>
        <line num="236" count="53" type="stmt"/>
        <line num="237" count="53" type="stmt"/>
        <line num="238" count="53" type="stmt"/>
        <line num="239" count="53" type="stmt"/>
        <line num="240" count="53" type="stmt"/>
        <line num="241" count="53" type="stmt"/>
        <line num="242" count="53" type="stmt"/>
        <line num="243" count="53" type="cond" truecount="2" falsecount="0"/>
        <line num="244" count="53" type="stmt"/>
        <line num="245" count="53" type="cond" truecount="2" falsecount="0"/>
        <line num="246" count="53" type="stmt"/>
        <line num="247" count="53" type="stmt"/>
        <line num="248" count="53" type="stmt"/>
        <line num="249" count="53" type="cond" truecount="1" falsecount="0"/>
        <line num="250" count="53" type="stmt"/>
        <line num="251" count="53" type="cond" truecount="1" falsecount="0"/>
        <line num="252" count="24" type="stmt"/>
        <line num="253" count="24" type="stmt"/>
        <line num="254" count="24" type="stmt"/>
        <line num="255" count="24" type="stmt"/>
        <line num="256" count="24" type="stmt"/>
        <line num="257" count="24" type="stmt"/>
        <line num="258" count="24" type="stmt"/>
        <line num="259" count="24" type="stmt"/>
        <line num="260" count="24" type="stmt"/>
        <line num="261" count="24" type="stmt"/>
        <line num="262" count="24" type="stmt"/>
        <line num="263" count="24" type="stmt"/>
        <line num="264" count="24" type="stmt"/>
        <line num="265" count="24" type="stmt"/>
        <line num="266" count="24" type="stmt"/>
        <line num="267" count="24" type="stmt"/>
        <line num="268" count="24" type="stmt"/>
        <line num="269" count="24" type="stmt"/>
        <line num="270" count="24" type="stmt"/>
        <line num="271" count="24" type="stmt"/>
        <line num="272" count="24" type="stmt"/>
        <line num="273" count="24" type="stmt"/>
        <line num="274" count="24" type="stmt"/>
        <line num="275" count="24" type="stmt"/>
        <line num="276" count="24" type="stmt"/>
        <line num="277" count="24" type="stmt"/>
        <line num="278" count="24" type="stmt"/>
        <line num="279" count="24" type="stmt"/>
        <line num="280" count="24" type="stmt"/>
        <line num="281" count="24" type="stmt"/>
        <line num="282" count="24" type="stmt"/>
        <line num="283" count="24" type="stmt"/>
        <line num="284" count="24" type="stmt"/>
        <line num="285" count="24" type="stmt"/>
        <line num="286" count="24" type="stmt"/>
        <line num="287" count="24" type="stmt"/>
        <line num="288" count="24" type="stmt"/>
        <line num="289" count="24" type="stmt"/>
        <line num="290" count="24" type="stmt"/>
        <line num="291" count="24" type="stmt"/>
        <line num="292" count="24" type="stmt"/>
        <line num="293" count="24" type="stmt"/>
        <line num="294" count="24" type="stmt"/>
        <line num="295" count="24" type="stmt"/>
        <line num="296" count="24" type="stmt"/>
        <line num="297" count="24" type="stmt"/>
        <line num="298" count="24" type="stmt"/>
        <line num="299" count="24" type="stmt"/>
        <line num="300" count="24" type="stmt"/>
        <line num="301" count="24" type="stmt"/>
        <line num="302" count="24" type="stmt"/>
        <line num="303" count="24" type="stmt"/>
        <line num="304" count="24" type="stmt"/>
        <line num="305" count="24" type="stmt"/>
        <line num="306" count="24" type="stmt"/>
        <line num="307" count="24" type="stmt"/>
        <line num="308" count="24" type="stmt"/>
        <line num="309" count="24" type="stmt"/>
        <line num="310" count="24" type="stmt"/>
        <line num="311" count="24" type="stmt"/>
        <line num="312" count="24" type="stmt"/>
        <line num="313" count="24" type="stmt"/>
        <line num="314" count="24" type="stmt"/>
        <line num="315" count="24" type="stmt"/>
        <line num="316" count="24" type="stmt"/>
        <line num="317" count="24" type="stmt"/>
        <line num="318" count="24" type="stmt"/>
        <line num="319" count="24" type="stmt"/>
        <line num="320" count="24" type="stmt"/>
        <line num="321" count="24" type="stmt"/>
        <line num="322" count="24" type="stmt"/>
        <line num="323" count="24" type="stmt"/>
        <line num="324" count="24" type="stmt"/>
        <line num="325" count="24" type="stmt"/>
        <line num="326" count="24" type="stmt"/>
        <line num="327" count="24" type="stmt"/>
        <line num="328" count="24" type="stmt"/>
        <line num="329" count="24" type="stmt"/>
        <line num="330" count="24" type="stmt"/>
        <line num="331" count="24" type="stmt"/>
        <line num="332" count="24" type="stmt"/>
        <line num="333" count="24" type="stmt"/>
        <line num="334" count="24" type="stmt"/>
        <line num="335" count="24" type="stmt"/>
        <line num="336" count="24" type="stmt"/>
        <line num="337" count="24" type="stmt"/>
        <line num="338" count="24" type="stmt"/>
        <line num="339" count="24" type="stmt"/>
        <line num="340" count="24" type="stmt"/>
        <line num="341" count="24" type="stmt"/>
        <line num="342" count="24" type="stmt"/>
        <line num="343" count="24" type="stmt"/>
        <line num="344" count="24" type="stmt"/>
        <line num="345" count="24" type="stmt"/>
        <line num="346" count="24" type="stmt"/>
        <line num="347" count="24" type="stmt"/>
        <line num="348" count="24" type="stmt"/>
        <line num="349" count="24" type="stmt"/>
        <line num="350" count="24" type="stmt"/>
        <line num="351" count="24" type="stmt"/>
        <line num="352" count="24" type="stmt"/>
        <line num="353" count="24" type="stmt"/>
        <line num="354" count="24" type="stmt"/>
        <line num="355" count="24" type="stmt"/>
        <line num="356" count="24" type="stmt"/>
        <line num="357" count="24" type="stmt"/>
        <line num="358" count="24" type="stmt"/>
        <line num="359" count="24" type="stmt"/>
        <line num="360" count="24" type="stmt"/>
        <line num="361" count="24" type="stmt"/>
        <line num="362" count="24" type="stmt"/>
        <line num="363" count="24" type="stmt"/>
        <line num="364" count="24" type="stmt"/>
        <line num="365" count="24" type="stmt"/>
        <line num="366" count="24" type="stmt"/>
        <line num="367" count="24" type="stmt"/>
        <line num="368" count="24" type="stmt"/>
        <line num="369" count="24" type="stmt"/>
        <line num="370" count="24" type="stmt"/>
        <line num="371" count="24" type="stmt"/>
        <line num="372" count="24" type="stmt"/>
        <line num="373" count="24" type="stmt"/>
        <line num="374" count="24" type="stmt"/>
        <line num="375" count="24" type="stmt"/>
        <line num="376" count="24" type="stmt"/>
        <line num="377" count="24" type="stmt"/>
        <line num="378" count="24" type="stmt"/>
        <line num="379" count="24" type="stmt"/>
        <line num="380" count="24" type="stmt"/>
        <line num="381" count="24" type="stmt"/>
        <line num="382" count="24" type="stmt"/>
        <line num="383" count="24" type="stmt"/>
        <line num="384" count="24" type="stmt"/>
        <line num="385" count="24" type="cond" truecount="2" falsecount="0"/>
        <line num="386" count="24" type="stmt"/>
        <line num="387" count="24" type="stmt"/>
        <line num="388" count="24" type="stmt"/>
        <line num="389" count="53" type="stmt"/>
        <line num="390" count="53" type="stmt"/>
        <line num="391" count="53" type="stmt"/>
        <line num="392" count="53" type="cond" truecount="1" falsecount="0"/>
        <line num="393" count="212" type="stmt"/>
        <line num="394" count="212" type="stmt"/>
        <line num="395" count="212" type="stmt"/>
        <line num="396" count="212" type="stmt"/>
        <line num="397" count="212" type="stmt"/>
        <line num="398" count="53" type="stmt"/>
        <line num="399" count="53" type="stmt"/>
        <line num="400" count="53" type="stmt"/>
        <line num="401" count="53" type="stmt"/>
        <line num="402" count="53" type="stmt"/>
        <line num="403" count="53" type="stmt"/>
        <line num="404" count="53" type="stmt"/>
        <line num="405" count="53" type="stmt"/>
        <line num="406" count="53" type="stmt"/>
        <line num="407" count="53" type="stmt"/>
        <line num="408" count="53" type="cond" truecount="1" falsecount="0"/>
        <line num="409" count="285" type="stmt"/>
        <line num="410" count="285" type="stmt"/>
        <line num="411" count="285" type="stmt"/>
        <line num="412" count="285" type="stmt"/>
        <line num="413" count="285" type="stmt"/>
        <line num="414" count="285" type="stmt"/>
        <line num="415" count="285" type="stmt"/>
        <line num="416" count="285" type="stmt"/>
        <line num="417" count="285" type="stmt"/>
        <line num="418" count="285" type="stmt"/>
        <line num="419" count="285" type="stmt"/>
        <line num="420" count="285" type="stmt"/>
        <line num="421" count="285" type="stmt"/>
        <line num="422" count="285" type="stmt"/>
        <line num="423" count="285" type="stmt"/>
        <line num="424" count="285" type="stmt"/>
        <line num="425" count="285" type="stmt"/>
        <line num="426" count="285" type="stmt"/>
        <line num="427" count="285" type="stmt"/>
        <line num="428" count="53" type="stmt"/>
        <line num="429" count="53" type="stmt"/>
        <line num="430" count="53" type="stmt"/>
        <line num="431" count="53" type="stmt"/>
        <line num="432" count="53" type="stmt"/>
        <line num="433" count="53" type="stmt"/>
        <line num="434" count="53" type="stmt"/>
        <line num="435" count="53" type="stmt"/>
        <line num="436" count="53" type="stmt"/>
        <line num="437" count="53" type="stmt"/>
        <line num="438" count="53" type="stmt"/>
        <line num="439" count="53" type="stmt"/>
        <line num="440" count="53" type="stmt"/>
        <line num="441" count="53" type="stmt"/>
        <line num="442" count="53" type="stmt"/>
        <line num="443" count="53" type="stmt"/>
        <line num="444" count="53" type="cond" truecount="1" falsecount="0"/>
        <line num="445" count="37" type="cond" truecount="1" falsecount="0"/>
        <line num="446" count="16" type="stmt"/>
        <line num="447" count="53" type="stmt"/>
        <line num="448" count="53" type="stmt"/>
        <line num="449" count="53" type="stmt"/>
        <line num="450" count="53" type="stmt"/>
        <line num="451" count="53" type="stmt"/>
        <line num="452" count="53" type="stmt"/>
        <line num="453" count="53" type="stmt"/>
        <line num="454" count="53" type="stmt"/>
        <line num="455" count="53" type="stmt"/>
        <line num="456" count="53" type="stmt"/>
        <line num="457" count="53" type="stmt"/>
        <line num="458" count="53" type="stmt"/>
        <line num="459" count="53" type="cond" truecount="1" falsecount="0"/>
        <line num="460" count="159" type="stmt"/>
        <line num="461" count="159" type="stmt"/>
        <line num="462" count="159" type="stmt"/>
        <line num="463" count="159" type="stmt"/>
        <line num="464" count="159" type="stmt"/>
        <line num="465" count="53" type="stmt"/>
        <line num="466" count="53" type="stmt"/>
        <line num="467" count="53" type="stmt"/>
        <line num="468" count="53" type="stmt"/>
        <line num="469" count="53" type="stmt"/>
        <line num="470" count="53" type="stmt"/>
        <line num="471" count="53" type="stmt"/>
        <line num="472" count="53" type="stmt"/>
        <line num="473" count="53" type="stmt"/>
        <line num="474" count="53" type="stmt"/>
        <line num="475" count="53" type="stmt"/>
        <line num="476" count="53" type="stmt"/>
        <line num="477" count="53" type="stmt"/>
        <line num="478" count="53" type="cond" truecount="1" falsecount="0"/>
        <line num="479" count="135" type="stmt"/>
        <line num="480" count="135" type="stmt"/>
        <line num="481" count="135" type="stmt"/>
        <line num="482" count="135" type="stmt"/>
        <line num="483" count="135" type="stmt"/>
        <line num="484" count="135" type="stmt"/>
        <line num="485" count="135" type="stmt"/>
        <line num="486" count="135" type="stmt"/>
        <line num="487" count="135" type="stmt"/>
        <line num="488" count="135" type="stmt"/>
        <line num="489" count="135" type="stmt"/>
        <line num="490" count="135" type="stmt"/>
        <line num="491" count="135" type="stmt"/>
        <line num="492" count="135" type="stmt"/>
        <line num="493" count="53" type="stmt"/>
        <line num="494" count="53" type="stmt"/>
        <line num="495" count="53" type="stmt"/>
        <line num="496" count="53" type="stmt"/>
        <line num="497" count="53" type="stmt"/>
        <line num="498" count="53" type="stmt"/>
        <line num="499" count="53" type="stmt"/>
        <line num="500" count="53" type="stmt"/>
        <line num="501" count="53" type="stmt"/>
        <line num="502" count="53" type="stmt"/>
        <line num="503" count="53" type="cond" truecount="1" falsecount="0"/>
        <line num="504" count="179" type="stmt"/>
        <line num="505" count="53" type="stmt"/>
        <line num="506" count="53" type="stmt"/>
        <line num="507" count="53" type="stmt"/>
        <line num="508" count="53" type="stmt"/>
        <line num="509" count="53" type="stmt"/>
        <line num="510" count="53" type="stmt"/>
        <line num="511" count="53" type="stmt"/>
        <line num="512" count="53" type="stmt"/>
        <line num="513" count="53" type="stmt"/>
        <line num="514" count="53" type="stmt"/>
        <line num="515" count="53" type="stmt"/>
        <line num="516" count="1" type="stmt"/>
        <line num="517" count="1" type="stmt"/>
      </file>
      <file name="Perfil.jsx" path="C:\Users\Cristopher\Downloads\fulsjsjsjs\Frontend_FullStack\Frontend\src\Components\pages\Perfil.jsx">
        <metrics statements="177" coveredstatements="177" conditionals="16" coveredconditionals="16" methods="4" coveredmethods="4"/>
        <line num="1" count="1" type="stmt"/>
        <line num="2" count="1" type="stmt"/>
        <line num="3" count="1" type="stmt"/>
        <line num="4" count="1" type="stmt"/>
        <line num="5" count="1" type="stmt"/>
        <line num="6" count="1" type="stmt"/>
        <line num="7" count="1" type="stmt"/>
        <line num="8" count="1" type="stmt"/>
        <line num="9" count="1" type="stmt"/>
        <line num="10" count="1" type="stmt"/>
        <line num="11" count="1" type="stmt"/>
        <line num="12" count="1" type="stmt"/>
        <line num="13" count="1" type="stmt"/>
        <line num="14" count="1" type="stmt"/>
        <line num="15" count="1" type="stmt"/>
        <line num="16" count="1" type="cond" truecount="1" falsecount="0"/>
        <line num="17" count="5" type="stmt"/>
        <line num="18" count="5" type="stmt"/>
        <line num="19" count="5" type="stmt"/>
        <line num="20" count="5" type="cond" truecount="2" falsecount="0"/>
        <line num="21" count="5" type="cond" truecount="2" falsecount="0"/>
        <line num="22" count="5" type="stmt"/>
        <line num="23" count="5" type="stmt"/>
        <line num="24" count="5" type="stmt"/>
        <line num="25" count="5" type="cond" truecount="1" falsecount="0"/>
        <line num="26" count="5" type="cond" truecount="1" falsecount="0"/>
        <line num="27" count="5" type="stmt"/>
        <line num="28" count="5" type="cond" truecount="1" falsecount="0"/>
        <line num="29" count="1" type="stmt"/>
        <line num="30" count="1" type="stmt"/>
        <line num="31" count="5" type="stmt"/>
        <line num="32" count="1" type="stmt"/>
        <line num="33" count="69" type="cond" truecount="1" falsecount="0"/>
        <line num="34" count="69" type="stmt"/>
        <line num="35" count="69" type="stmt"/>
        <line num="36" count="69" type="stmt"/>
        <line num="37" count="69" type="cond" truecount="1" falsecount="0"/>
        <line num="38" count="5" type="stmt"/>
        <line num="39" count="69" type="stmt"/>
        <line num="40" count="69" type="stmt"/>
        <line num="41" count="69" type="cond" truecount="1" falsecount="0"/>
        <line num="42" count="59" type="stmt"/>
        <line num="43" count="59" type="cond" truecount="1" falsecount="0"/>
        <line num="44" count="59" type="stmt"/>
        <line num="45" count="59" type="stmt"/>
        <line num="46" count="59" type="stmt"/>
        <line num="47" count="59" type="stmt"/>
        <line num="48" count="69" type="stmt"/>
        <line num="49" count="69" type="cond" truecount="1" falsecount="0"/>
        <line num="50" count="1" type="stmt"/>
        <line num="51" count="1" type="stmt"/>
        <line num="52" count="1" type="stmt"/>
        <line num="53" count="1" type="stmt"/>
        <line num="54" count="69" type="stmt"/>
        <line num="55" count="69" type="stmt"/>
        <line num="56" count="69" type="stmt"/>
        <line num="57" count="69" type="stmt"/>
        <line num="58" count="69" type="stmt"/>
        <line num="59" count="69" type="cond" truecount="1" falsecount="0"/>
        <line num="60" count="69" type="stmt"/>
        <line num="61" count="69" type="stmt"/>
        <line num="62" count="69" type="stmt"/>
        <line num="63" count="69" type="stmt"/>
        <line num="64" count="69" type="stmt"/>
        <line num="65" count="69" type="stmt"/>
        <line num="66" count="69" type="stmt"/>
        <line num="67" count="69" type="stmt"/>
        <line num="68" count="69" type="stmt"/>
        <line num="69" count="69" type="stmt"/>
        <line num="70" count="69" type="stmt"/>
        <line num="71" count="69" type="stmt"/>
        <line num="72" count="69" type="stmt"/>
        <line num="73" count="69" type="stmt"/>
        <line num="74" count="69" type="stmt"/>
        <line num="75" count="69" type="stmt"/>
        <line num="76" count="69" type="stmt"/>
        <line num="77" count="69" type="stmt"/>
        <line num="78" count="69" type="stmt"/>
        <line num="79" count="69" type="stmt"/>
        <line num="80" count="69" type="stmt"/>
        <line num="81" count="69" type="stmt"/>
        <line num="82" count="69" type="stmt"/>
        <line num="83" count="69" type="stmt"/>
        <line num="84" count="69" type="stmt"/>
        <line num="85" count="69" type="cond" truecount="1" falsecount="0"/>
        <line num="86" count="69" type="stmt"/>
        <line num="87" count="69" type="stmt"/>
        <line num="88" count="69" type="stmt"/>
        <line num="89" count="69" type="stmt"/>
        <line num="90" count="69" type="stmt"/>
        <line num="91" count="69" type="stmt"/>
        <line num="92" count="69" type="stmt"/>
        <line num="93" count="69" type="stmt"/>
        <line num="94" count="69" type="stmt"/>
        <line num="95" count="69" type="stmt"/>
        <line num="96" count="69" type="stmt"/>
        <line num="97" count="69" type="stmt"/>
        <line num="98" count="69" type="stmt"/>
        <line num="99" count="69" type="stmt"/>
        <line num="100" count="69" type="stmt"/>
        <line num="101" count="69" type="stmt"/>
        <line num="102" count="69" type="stmt"/>
        <line num="103" count="69" type="stmt"/>
        <line num="104" count="69" type="stmt"/>
        <line num="105" count="69" type="stmt"/>
        <line num="106" count="69" type="stmt"/>
        <line num="107" count="69" type="stmt"/>
        <line num="108" count="69" type="stmt"/>
        <line num="109" count="69" type="stmt"/>
        <line num="110" count="69" type="stmt"/>
        <line num="111" count="69" type="stmt"/>
        <line num="112" count="69" type="stmt"/>
        <line num="113" count="69" type="stmt"/>
        <line num="114" count="69" type="stmt"/>
        <line num="115" count="69" type="stmt"/>
        <line num="116" count="69" type="stmt"/>
        <line num="117" count="69" type="stmt"/>
        <line num="118" count="69" type="stmt"/>
        <line num="119" count="69" type="stmt"/>
        <line num="120" count="69" type="stmt"/>
        <line num="121" count="69" type="stmt"/>
        <line num="122" count="69" type="stmt"/>
        <line num="123" count="69" type="stmt"/>
        <line num="124" count="69" type="stmt"/>
        <line num="125" count="69" type="stmt"/>
        <line num="126" count="69" type="stmt"/>
        <line num="127" count="69" type="stmt"/>
        <line num="128" count="69" type="stmt"/>
        <line num="129" count="69" type="stmt"/>
        <line num="130" count="69" type="stmt"/>
        <line num="131" count="69" type="stmt"/>
        <line num="132" count="69" type="stmt"/>
        <line num="133" count="69" type="stmt"/>
        <line num="134" count="69" type="stmt"/>
        <line num="135" count="69" type="stmt"/>
        <line num="136" count="69" type="stmt"/>
        <line num="137" count="69" type="stmt"/>
        <line num="138" count="69" type="stmt"/>
        <line num="139" count="69" type="stmt"/>
        <line num="140" count="69" type="stmt"/>
        <line num="141" count="69" type="stmt"/>
        <line num="142" count="69" type="stmt"/>
        <line num="143" count="69" type="stmt"/>
        <line num="144" count="69" type="stmt"/>
        <line num="145" count="69" type="stmt"/>
        <line num="146" count="69" type="stmt"/>
        <line num="147" count="69" type="stmt"/>
        <line num="148" count="69" type="stmt"/>
        <line num="149" count="69" type="stmt"/>
        <line num="150" count="69" type="stmt"/>
        <line num="151" count="69" type="stmt"/>
        <line num="152" count="69" type="stmt"/>
        <line num="153" count="69" type="stmt"/>
        <line num="154" count="69" type="stmt"/>
        <line num="155" count="69" type="stmt"/>
        <line num="156" count="69" type="stmt"/>
        <line num="157" count="69" type="stmt"/>
        <line num="158" count="69" type="stmt"/>
        <line num="159" count="69" type="stmt"/>
        <line num="160" count="69" type="stmt"/>
        <line num="161" count="69" type="stmt"/>
        <line num="162" count="69" type="stmt"/>
        <line num="163" count="69" type="stmt"/>
        <line num="164" count="69" type="cond" truecount="1" falsecount="0"/>
        <line num="165" count="69" type="stmt"/>
        <line num="166" count="69" type="stmt"/>
        <line num="167" count="69" type="stmt"/>
        <line num="168" count="69" type="stmt"/>
        <line num="169" count="69" type="stmt"/>
        <line num="170" count="69" type="stmt"/>
        <line num="171" count="69" type="stmt"/>
        <line num="172" count="69" type="stmt"/>
        <line num="173" count="69" type="stmt"/>
        <line num="174" count="69" type="stmt"/>
        <line num="175" count="69" type="stmt"/>
        <line num="176" count="1" type="stmt"/>
        <line num="177" count="1" type="stmt"/>
      </file>
      <file name="Proyectos.jsx" path="C:\Users\Cristopher\Downloads\fulsjsjsjs\Frontend_FullStack\Frontend\src\Components\pages\Proyectos.jsx">
        <metrics statements="405" coveredstatements="405" conditionals="85" coveredconditionals="85" methods="7" coveredmethods="7"/>
        <line num="1" count="1" type="stmt"/>
        <line num="2" count="1" type="stmt"/>
        <line num="3" count="1" type="stmt"/>
        <line num="4" count="1" type="stmt"/>
        <line num="5" count="1" type="stmt"/>
        <line num="6" count="1" type="stmt"/>
        <line num="7" count="1" type="stmt"/>
        <line num="8" count="1" type="stmt"/>
        <line num="9" count="1" type="stmt"/>
        <line num="10" count="1" type="stmt"/>
        <line num="11" count="1" type="stmt"/>
        <line num="12" count="1" type="stmt"/>
        <line num="13" count="1" type="stmt"/>
        <line num="14" count="1" type="stmt"/>
        <line num="15" count="1" type="stmt"/>
        <line num="16" count="1" type="stmt"/>
        <line num="17" count="1" type="stmt"/>
        <line num="18" count="1" type="stmt"/>
        <line num="19" count="1" type="stmt"/>
        <line num="20" count="1" type="stmt"/>
        <line num="21" count="1" type="stmt"/>
        <line num="22" count="1" type="stmt"/>
        <line num="23" count="1" type="stmt"/>
        <line num="24" count="1" type="stmt"/>
        <line num="25" count="1" type="stmt"/>
        <line num="26" count="1" type="stmt"/>
        <line num="27" count="1" type="stmt"/>
        <line num="28" count="1" type="stmt"/>
        <line num="29" count="1" type="stmt"/>
        <line num="30" count="1" type="stmt"/>
        <line num="31" count="1" type="stmt"/>
        <line num="32" count="1" type="stmt"/>
        <line num="33" count="1" type="stmt"/>
        <line num="34" count="1" type="stmt"/>
        <line num="35" count="1" type="stmt"/>
        <line num="36" count="1" type="stmt"/>
        <line num="37" count="1" type="stmt"/>
        <line num="38" count="1" type="stmt"/>
        <line num="39" count="1" type="stmt"/>
        <line num="40" count="1" type="stmt"/>
        <line num="41" count="1" type="stmt"/>
        <line num="42" count="1" type="stmt"/>
        <line num="43" count="1" type="stmt"/>
        <line num="44" count="1" type="stmt"/>
        <line num="45" count="1" type="stmt"/>
        <line num="46" count="1" type="stmt"/>
        <line num="47" count="1" type="stmt"/>
        <line num="48" count="1" type="stmt"/>
        <line num="49" count="1" type="stmt"/>
[...]
        <line num="216" count="4" type="stmt"/>
        <line num="217" count="4" type="stmt"/>
        <line num="218" count="4" type="stmt"/>
        <line num="219" count="8" type="cond" truecount="1" falsecount="0"/>
        <line num="220" count="7" type="stmt"/>
        <line num="221" count="7" type="stmt"/>
        <line num="222" count="8" type="stmt"/>
        <line num="223" count="234" type="stmt"/>
        <line num="224" count="234" type="stmt"/>
        <line num="225" count="234" type="stmt"/>
        <line num="226" count="234" type="stmt"/>
        <line num="227" count="234" type="stmt"/>
        <line num="228" count="234" type="stmt"/>
        <line num="229" count="234" type="stmt"/>
        <line num="230" count="234" type="stmt"/>
        <line num="231" count="234" type="stmt"/>
        <line num="232" count="234" type="stmt"/>
        <line num="233" count="234" type="stmt"/>
        <line num="234" count="234" type="stmt"/>
        <line num="235" count="234" type="stmt"/>
        <line num="236" count="234" type="stmt"/>
        <line num="237" count="234" type="stmt"/>
        <line num="238" count="234" type="stmt"/>
        <line num="239" count="234" type="stmt"/>
        <line num="240" count="234" type="stmt"/>
        <line num="241" count="234" type="stmt"/>
        <line num="242" count="234" type="stmt"/>
        <line num="243" count="234" type="stmt"/>
        <line num="244" count="234" type="cond" truecount="2" falsecount="0"/>
        <line num="245" count="234" type="stmt"/>
        <line num="246" count="234" type="cond" truecount="2" falsecount="0"/>
        <line num="247" count="234" type="stmt"/>
        <line num="248" count="234" type="stmt"/>
        <line num="249" count="234" type="stmt"/>
        <line num="250" count="234" type="cond" truecount="1" falsecount="0"/>
        <line num="251" count="234" type="stmt"/>
        <line num="252" count="234" type="cond" truecount="1" falsecount="0"/>
        <line num="253" count="196" type="stmt"/>
        <line num="254" count="196" type="stmt"/>
        <line num="255" count="196" type="stmt"/>
        <line num="256" count="196" type="stmt"/>
        <line num="257" count="196" type="stmt"/>
        <line num="258" count="196" type="stmt"/>
        <line num="259" count="196" type="stmt"/>
        <line num="260" count="196" type="stmt"/>
        <line num="261" count="196" type="stmt"/>
        <line num="262" count="196" type="stmt"/>
        <line num="263" count="196" type="stmt"/>
        <line num="264" count="196" type="stmt"/>
        <line num="265" count="196" type="stmt"/>
        <line num="266" count="196" type="stmt"/>
        <line num="267" count="196" type="stmt"/>
        <line num="268" count="196" type="stmt"/>
        <line num="269" count="196" type="stmt"/>
        <line num="270" count="196" type="stmt"/>
        <line num="271" count="196" type="stmt"/>
        <line num="272" count="196" type="stmt"/>
        <line num="273" count="196" type="stmt"/>
        <line num="274" count="196" type="stmt"/>
        <line num="275" count="196" type="stmt"/>
        <line num="276" count="196" type="stmt"/>
        <line num="277" count="196" type="stmt"/>
        <line num="278" count="196" type="stmt"/>
        <line num="279" count="196" type="stmt"/>
        <line num="280" count="196" type="stmt"/>
        <line num="281" count="196" type="stmt"/>
        <line num="282" count="196" type="stmt"/>
        <line num="283" count="196" type="stmt"/>
        <line num="284" count="196" type="stmt"/>
        <line num="285" count="196" type="stmt"/>
        <line num="286" count="196" type="stmt"/>
        <line num="287" count="196" type="stmt"/>
        <line num="288" count="196" type="stmt"/>
        <line num="289" count="196" type="stmt"/>
        <line num="290" count="196" type="stmt"/>
        <line num="291" count="196" type="stmt"/>
        <line num="292" count="196" type="stmt"/>
        <line num="293" count="196" type="stmt"/>
        <line num="294" count="196" type="stmt"/>
        <line num="295" count="196" type="stmt"/>
        <line num="296" count="196" type="stmt"/>
        <line num="297" count="196" type="stmt"/>
        <line num="298" count="196" type="stmt"/>
        <line num="299" count="196" type="stmt"/>
        <line num="300" count="196" type="stmt"/>
        <line num="301" count="196" type="stmt"/>
        <line num="302" count="196" type="stmt"/>
        <line num="303" count="196" type="stmt"/>
        <line num="304" count="196" type="stmt"/>
        <line num="305" count="196" type="stmt"/>
        <line num="306" count="196" type="stmt"/>
        <line num="307" count="196" type="stmt"/>
        <line num="308" count="196" type="stmt"/>
        <line num="309" count="196" type="stmt"/>
        <line num="310" count="196" type="stmt"/>
        <line num="311" count="196" type="stmt"/>
        <line num="312" count="196" type="stmt"/>
        <line num="313" count="196" type="stmt"/>
        <line num="314" count="196" type="stmt"/>
        <line num="315" count="196" type="stmt"/>
        <line num="316" count="196" type="stmt"/>
        <line num="317" count="196" type="stmt"/>
        <line num="318" count="196" type="stmt"/>
        <line num="319" count="196" type="stmt"/>
        <line num="320" count="196" type="stmt"/>
        <line num="321" count="196" type="stmt"/>
        <line num="322" count="196" type="stmt"/>
        <line num="323" count="196" type="stmt"/>
        <line num="324" count="196" type="cond" truecount="2" falsecount="0"/>
        <line num="325" count="196" type="stmt"/>
        <line num="326" count="196" type="stmt"/>
        <line num="327" count="196" type="stmt"/>
        <line num="328" count="234" type="stmt"/>
        <line num="329" count="234" type="stmt"/>
        <line num="330" count="234" type="stmt"/>
        <line num="331" count="234" type="stmt"/>
        <line num="332" count="234" type="stmt"/>
        <line num="333" count="234" type="stmt"/>
        <line num="334" count="234" type="stmt"/>
        <line num="335" count="234" type="stmt"/>
        <line num="336" count="234" type="stmt"/>
        <line num="337" count="234" type="stmt"/>
        <line num="338" count="234" type="stmt"/>
        <line num="339" count="234" type="stmt"/>
        <line num="340" count="234" type="stmt"/>
        <line num="341" count="234" type="stmt"/>
        <line num="342" count="234" type="stmt"/>
        <line num="343" count="234" type="stmt"/>
        <line num="344" count="234" type="stmt"/>
        <line num="345" count="234" type="stmt"/>
        <line num="346" count="234" type="stmt"/>
        <line num="347" count="234" type="stmt"/>
        <line num="348" count="234" type="stmt"/>
        <line num="349" count="234" type="stmt"/>
        <line num="350" count="234" type="stmt"/>
        <line num="351" count="234" type="stmt"/>
        <line num="352" count="234" type="stmt"/>
        <line num="353" count="234" type="stmt"/>
        <line num="354" count="234" type="stmt"/>
        <line num="355" count="234" type="stmt"/>
        <line num="356" count="234" type="cond" truecount="1" falsecount="0"/>
        <line num="357" count="18" type="cond" truecount="1" falsecount="0"/>
        <line num="358" count="216" type="stmt"/>
        <line num="359" count="234" type="stmt"/>
        <line num="360" count="234" type="stmt"/>
        <line num="361" count="234" type="stmt"/>
        <line num="362" count="234" type="stmt"/>
        <line num="363" count="234" type="stmt"/>
        <line num="364" count="234" type="stmt"/>
        <line num="365" count="234" type="stmt"/>
        <line num="366" count="234" type="stmt"/>
        <line num="367" count="234" type="stmt"/>
        <line num="368" count="234" type="stmt"/>
        <line num="369" count="234" type="stmt"/>
        <line num="370" count="234" type="stmt"/>
        <line num="371" count="234" type="stmt"/>
        <line num="372" count="234" type="stmt"/>
        <line num="373" count="234" type="stmt"/>
        <line num="374" count="234" type="cond" truecount="1" falsecount="0"/>
        <line num="375" count="123" type="cond" truecount="1" falsecount="0"/>
        <line num="376" count="123" type="stmt"/>
        <line num="377" count="123" type="stmt"/>
        <line num="378" count="123" type="stmt"/>
        <line num="379" count="123" type="stmt"/>
        <line num="380" count="123" type="stmt"/>
        <line num="381" count="123" type="stmt"/>
        <line num="382" count="123" type="cond" truecount="1" falsecount="0"/>
        <line num="383" count="351" type="stmt"/>
        <line num="384" count="123" type="stmt"/>
        <line num="385" count="123" type="stmt"/>
        <line num="386" count="123" type="stmt"/>
        <line num="387" count="123" type="stmt"/>
        <line num="388" count="123" type="stmt"/>
        <line num="389" count="123" type="stmt"/>
        <line num="390" count="123" type="stmt"/>
        <line num="391" count="123" type="stmt"/>
        <line num="392" count="234" type="stmt"/>
        <line num="393" count="234" type="stmt"/>
        <line num="394" count="234" type="stmt"/>
        <line num="395" count="234" type="stmt"/>
        <line num="396" count="234" type="stmt"/>
        <line num="397" count="234" type="stmt"/>
        <line num="398" count="234" type="stmt"/>
        <line num="399" count="234" type="stmt"/>
        <line num="400" count="234" type="stmt"/>
        <line num="401" count="234" type="stmt"/>
        <line num="402" count="234" type="stmt"/>
        <line num="403" count="234" type="stmt"/>
        <line num="404" count="1" type="stmt"/>
        <line num="405" count="1" type="stmt"/>
      </file>
    </package>
    <package name="src.Service">
      <metrics statements="162" coveredstatements="162" conditionals="25" coveredconditionals="25" methods="11" coveredmethods="11"/>
      <file name="api.js" path="C:\Users\Cristopher\Downloads\fulsjsjsjs\Frontend_FullStack\Frontend\src\Service\api.js">
        <metrics statements="52" coveredstatements="52" conditionals="8" coveredconditionals="8" methods="0" coveredmethods="0"/>
        <line num="1" count="1" type="stmt"/>
        <line num="2" count="1" type="stmt"/>
        <line num="3" count="1" type="stmt"/>
        <line num="4" count="1" type="stmt"/>
        <line num="5" count="1" type="stmt"/>
        <line num="6" count="1" type="stmt"/>
        <line num="7" count="1" type="stmt"/>
        <line num="8" count="1" type="stmt"/>
        <line num="9" count="1" type="stmt"/>
        <line num="10" count="1" type="stmt"/>
        <line num="11" count="1" type="stmt"/>
        <line num="12" count="1" type="stmt"/>
        <line num="13" count="1" type="stmt"/>
        <line num="14" count="1" type="cond" truecount="1" falsecount="0"/>
        <line num="15" count="2" type="stmt"/>
        <line num="16" count="2" type="cond" truecount="1" falsecount="0"/>
        <line num="17" count="1" type="stmt"/>
        <line num="18" count="1" type="stmt"/>
        <line num="19" count="2" type="stmt"/>
        <line num="20" count="1" type="stmt"/>
        <line num="21" count="1" type="cond" truecount="1" falsecount="0"/>
        <line num="22" count="1" type="stmt"/>
        <line num="23" count="1" type="stmt"/>
        <line num="24" count="1" type="stmt"/>
        <line num="25" count="1" type="stmt"/>
        <line num="26" count="1" type="stmt"/>
        <line num="27" count="1" type="stmt"/>
        <line num="28" count="1" type="cond" truecount="1" falsecount="0"/>
        <line num="29" count="1" type="stmt"/>
        <line num="30" count="1" type="stmt"/>
        <line num="31" count="1" type="cond" truecount="1" falsecount="0"/>
        <line num="32" count="3" type="stmt"/>
        <line num="33" count="3" type="cond" truecount="1" falsecount="0"/>
        <line num="34" count="1" type="stmt"/>
        <line num="35" count="1" type="stmt"/>
        <line num="36" count="1" type="stmt"/>
        <line num="37" count="1" type="stmt"/>
        <line num="38" count="1" type="stmt"/>
        <line num="39" count="3" type="stmt"/>
        <line num="40" count="3" type="cond" truecount="1" falsecount="0"/>
        <line num="41" count="1" type="stmt"/>
        <line num="42" count="1" type="stmt"/>
        <line num="43" count="3" type="stmt"/>
        <line num="44" count="3" type="cond" truecount="1" falsecount="0"/>
        <line num="45" count="1" type="stmt"/>
        <line num="46" count="1" type="stmt"/>
        <line num="47" count="3" type="stmt"/>
        <line num="48" count="3" type="stmt"/>
        <line num="49" count="1" type="stmt"/>
        <line num="50" count="1" type="stmt"/>
        <line num="51" count="1" type="stmt"/>
        <line num="52" count="1" type="stmt"/>
      </file>
      <file name="authService.js" path="C:\Users\Cristopher\Downloads\fulsjsjsjs\Frontend_FullStack\Frontend\src\Service\authService.js">
        <metrics statements="39" coveredstatements="39" conditionals="9" coveredconditionals="9" methods="5" coveredmethods="5"/>
        <line num="1" count="1" type="stmt"/>
        <line num="2" count="1" type="stmt"/>
        <line num="3" count="1" type="stmt"/>
        <line num="4" count="1" type="stmt"/>
        <line num="5" count="1" type="stmt"/>
        <line num="6" count="1" type="cond" truecount="1" falsecount="0"/>
        <line num="7" count="3" type="stmt"/>
        <line num="8" count="2" type="cond" truecount="1" falsecount="0"/>
        <line num="9" count="2" type="stmt"/>
        <line num="10" count="3" type="cond" truecount="1" falsecount="0"/>
        <line num="11" count="1" type="stmt"/>
        <line num="12" count="1" type="stmt"/>
        <line num="13" count="2" type="cond" truecount="1" falsecount="0"/>
        <line num="14" count="2" type="stmt"/>
        <line num="15" count="2" type="stmt"/>
        <line num="16" count="1" type="stmt"/>
        <line num="17" count="1" type="stmt"/>
        <line num="18" count="1" type="cond" truecount="1" falsecount="0"/>
        <line num="19" count="2" type="stmt"/>
        <line num="20" count="1" type="cond" truecount="1" falsecount="0"/>
        <line num="21" count="1" type="stmt"/>
        <line num="22" count="1" type="stmt"/>
        <line num="23" count="1" type="stmt"/>
        <line num="24" count="1" type="cond" truecount="1" falsecount="0"/>
        <line num="25" count="2" type="stmt"/>
        <line num="26" count="2" type="stmt"/>
        <line num="27" count="2" type="stmt"/>
        <line num="28" count="1" type="stmt"/>
        <line num="29" count="1" type="stmt"/>
        <line num="30" count="1" type="cond" truecount="1" falsecount="0"/>
        <line num="31" count="1" type="stmt"/>
        <line num="32" count="1" type="stmt"/>
        <line num="33" count="1" type="stmt"/>
        <line num="34" count="1" type="stmt"/>
        <line num="35" count="1" type="stmt"/>
        <line num="36" count="1" type="cond" truecount="1" falsecount="0"/>
        <line num="37" count="1" type="stmt"/>
        <line num="38" count="1" type="stmt"/>
        <line num="39" count="1" type="stmt"/>
      </file>
      <file name="config.js" path="C:\Users\Cristopher\Downloads\fulsjsjsjs\Frontend_FullStack\Frontend\src\Service\config.js">
        <metrics statements="48" coveredstatements="48" conditionals="2" coveredconditionals="2" methods="0" coveredmethods="0"/>
        <line num="1" count="1" type="stmt"/>
        <line num="2" count="1" type="stmt"/>
        <line num="3" count="1" type="stmt"/>
        <line num="4" count="1" type="stmt"/>
        <line num="5" count="1" type="stmt"/>
        <line num="6" count="1" type="stmt"/>
        <line num="7" count="1" type="stmt"/>
        <line num="8" count="1" type="stmt"/>
        <line num="9" count="1" type="stmt"/>
        <line num="10" count="1" type="stmt"/>
        <line num="11" count="1" type="stmt"/>
        <line num="12" count="1" type="stmt"/>
        <line num="13" count="1" type="stmt"/>
        <line num="14" count="1" type="stmt"/>
        <line num="15" count="1" type="stmt"/>
        <line num="16" count="1" type="stmt"/>
        <line num="17" count="1" type="stmt"/>
        <line num="18" count="1" type="stmt"/>
        <line num="19" count="1" type="stmt"/>
        <line num="20" count="1" type="stmt"/>
        <line num="21" count="1" type="stmt"/>
        <line num="22" count="1" type="stmt"/>
        <line num="23" count="1" type="stmt"/>
        <line num="24" count="1" type="stmt"/>
        <line num="25" count="1" type="stmt"/>
        <line num="26" count="1" type="stmt"/>
        <line num="27" count="1" type="stmt"/>
        <line num="28" count="1" type="stmt"/>
        <line num="29" count="1" type="stmt"/>
        <line num="30" count="1" type="cond" truecount="1" falsecount="0"/>
        <line num="31" count="1" type="cond" truecount="1" falsecount="0"/>
        <line num="32" count="1" type="stmt"/>
        <line num="33" count="1" type="stmt"/>
        <line num="34" count="1" type="stmt"/>
        <line num="35" count="1" type="stmt"/>
        <line num="36" count="1" type="stmt"/>
        <line num="37" count="1" type="stmt"/>
        <line num="38" count="1" type="stmt"/>
        <line num="39" count="1" type="stmt"/>
        <line num="40" count="1" type="stmt"/>
        <line num="41" count="1" type="stmt"/>
        <line num="42" count="1" type="stmt"/>
        <line num="43" count="1" type="stmt"/>
        <line num="44" count="1" type="stmt"/>
        <line num="45" count="1" type="stmt"/>
        <line num="46" count="1" type="stmt"/>
        <line num="47" count="1" type="stmt"/>
        <line num="48" count="1" type="stmt"/>
      </file>
      <file name="metricService.js" path="C:\Users\Cristopher\Downloads\fulsjsjsjs\Frontend_FullStack\Frontend\src\Service\metricService.js">
        <metrics statements="7" coveredstatements="7" conditionals="2" coveredconditionals="2" methods="2" coveredmethods="2"/>
        <line num="1" count="1" type="stmt"/>
        <line num="2" count="1" type="stmt"/>
        <line num="3" count="1" type="stmt"/>
        <line num="4" count="1" type="cond" truecount="1" falsecount="0"/>
        <line num="5" count="1" type="stmt"/>
        <line num="6" count="1" type="cond" truecount="1" falsecount="0"/>
        <line num="7" count="1" type="stmt"/>
      </file>
      <file name="projectService.js" path="C:\Users\Cristopher\Downloads\fulsjsjsjs\Frontend_FullStack\Frontend\src\Service\projectService.js">
        <metrics statements="9" coveredstatements="9" conditionals="2" coveredconditionals="2" methods="2" coveredmethods="2"/>
        <line num="1" count="1" type="stmt"/>
        <line num="2" count="1" type="stmt"/>
        <line num="3" count="1" type="stmt"/>
        <line num="4" count="1" type="cond" truecount="1" falsecount="0"/>
        <line num="5" count="1" type="stmt"/>
        <line num="6" count="1" type="cond" truecount="1" falsecount="0"/>
        <line num="7" count="1" type="stmt"/>
        <line num="8" count="1" type="stmt"/>
        <line num="9" count="1" type="stmt"/>
      </file>
      <file name="roleService.js" path="C:\Users\Cristopher\Downloads\fulsjsjsjs\Frontend_FullStack\Frontend\src\Service\roleService.js">
        <metrics statements="7" coveredstatements="7" conditionals="2" coveredconditionals="2" methods="2" coveredmethods="2"/>
        <line num="1" count="1" type="stmt"/>
        <line num="2" count="1" type="stmt"/>
        <line num="3" count="1" type="stmt"/>
        <line num="4" count="1" type="cond" truecount="1" falsecount="0"/>
        <line num="5" count="1" type="stmt"/>
        <line num="6" count="1" type="cond" truecount="1" falsecount="0"/>
        <line num="7" count="1" type="stmt"/>
      </file>
    </package>
  </project>
</coverage>
